<?xml version="1.0" encoding="UTF-8"?><testsuite errors="3" failures="0" name="Como un usuario quiero ingresar a OpenCart a verificar diferentes funcionalidades" skipped="0" tests="3" time="39.52" timestamp="2022-06-07 11:59:09"><testcase name="Verificar si puedo crear un nuevo cliente"><error message="Arity mismatch: Step Definition 'co.com.choucair.opencart.stepdefinitions.OpenCartStepDefinition.llenoLosFormulariosConLaInformacionDelClienteYDoyClickEnEnBotonSave() in file:/C:/Users/haltamirandas/Documents/OpenCart/build/classes/java/test/' with pattern [^lleno los formularios con la informacion del cliente y doy click en en boton save$] is declared with 0 parameters. However, the gherkin step has 1 arguments [Table:[[firstName, lastName, email, password, confirm, address, city], [Harold, Altamiranda, harold@gmail.com, harold123, harold123, calle 23#45-34, Medellin]]]. &#10;Step text: lleno los formularios con la informacion del cliente y doy click en en boton save" type="cucumber.runtime.CucumberException">Arity mismatch: Step Definition 'co.com.choucair.opencart.stepdefinitions.OpenCartStepDefinition.llenoLosFormulariosConLaInformacionDelClienteYDoyClickEnEnBotonSave() in file:/C:/Users/haltamirandas/Documents/OpenCart/build/classes/java/test/' with pattern [^lleno los formularios con la informacion del cliente y doy click en en boton save$] is declared with 0 parameters. However, the gherkin step has 1 arguments [Table:[[firstName, lastName, email, password, confirm, address, city], [Harold, Altamiranda, harold@gmail.com, harold123, harold123, calle 23#45-34, Medellin]]]. 
Step text: lleno los formularios con la informacion del cliente y doy click en en boton save</error><system-err>Arity mismatch: Step Definition 'co.com.choucair.opencart.stepdefinitions.OpenCartStepDefinition.llenoLosFormulariosConLaInformacionDelClienteYDoyClickEnEnBotonSave() in file:/C:/Users/haltamirandas/Documents/OpenCart/build/classes/java/test/' with pattern [^lleno los formularios con la informacion del cliente y doy click en en boton save$] is declared with 0 parameters. However, the gherkin step has 1 arguments [Table:[[firstName, lastName, email, password, confirm, address, city], [Harold, Altamiranda, harold@gmail.com, harold123, harold123, calle 23#45-34, Medellin]]]. 
Step text: lleno los formularios con la informacion del cliente y doy click en en boton save&#13;
cucumber.runner.Runner.runPickle(Runner.java:80)&#13;
</system-err></testcase><testcase name="Filtrar una orden por su ID y verificar que retorne una sola orden"><error message="Arity mismatch: Step Definition 'co.com.choucair.opencart.stepdefinitions.OpenCartStepDefinition.aplicoElFiltroParaElPedidoConSuOrderIDYCustomer() in file:/C:/Users/haltamirandas/Documents/OpenCart/build/classes/java/test/' with pattern [^aplico el filtro para el pedido con su orderID y Customer$] is declared with 0 parameters. However, the gherkin step has 1 arguments [Table:[[orderID, customer], [8, bryan reyes]]]. &#10;Step text: aplico el filtro para el pedido con su orderID y Customer" type="cucumber.runtime.CucumberException">Arity mismatch: Step Definition 'co.com.choucair.opencart.stepdefinitions.OpenCartStepDefinition.aplicoElFiltroParaElPedidoConSuOrderIDYCustomer() in file:/C:/Users/haltamirandas/Documents/OpenCart/build/classes/java/test/' with pattern [^aplico el filtro para el pedido con su orderID y Customer$] is declared with 0 parameters. However, the gherkin step has 1 arguments [Table:[[orderID, customer], [8, bryan reyes]]]. 
Step text: aplico el filtro para el pedido con su orderID y Customer</error><system-err>Arity mismatch: Step Definition 'co.com.choucair.opencart.stepdefinitions.OpenCartStepDefinition.aplicoElFiltroParaElPedidoConSuOrderIDYCustomer() in file:/C:/Users/haltamirandas/Documents/OpenCart/build/classes/java/test/' with pattern [^aplico el filtro para el pedido con su orderID y Customer$] is declared with 0 parameters. However, the gherkin step has 1 arguments [Table:[[orderID, customer], [8, bryan reyes]]]. 
Step text: aplico el filtro para el pedido con su orderID y Customer&#13;
cucumber.runner.Runner.runPickle(Runner.java:80)&#13;
</system-err></testcase><testcase name="Agregar un producto a una orden"><error message="Arity mismatch: Step Definition 'co.com.choucair.opencart.stepdefinitions.OpenCartStepDefinition.agregoUnProductoALaOrdenConSuInformacion() in file:/C:/Users/haltamirandas/Documents/OpenCart/build/classes/java/test/' with pattern [^agrego un producto a la orden con su informacion$] is declared with 0 parameters. However, the gherkin step has 1 arguments [Table:[[chooseProduct, quantity], [Canon EOS 5D, 2]]]. &#10;Step text: agrego un producto a la orden con su informacion" type="cucumber.runtime.CucumberException">Arity mismatch: Step Definition 'co.com.choucair.opencart.stepdefinitions.OpenCartStepDefinition.agregoUnProductoALaOrdenConSuInformacion() in file:/C:/Users/haltamirandas/Documents/OpenCart/build/classes/java/test/' with pattern [^agrego un producto a la orden con su informacion$] is declared with 0 parameters. However, the gherkin step has 1 arguments [Table:[[chooseProduct, quantity], [Canon EOS 5D, 2]]]. 
Step text: agrego un producto a la orden con su informacion</error><system-err>Arity mismatch: Step Definition 'co.com.choucair.opencart.stepdefinitions.OpenCartStepDefinition.agregoUnProductoALaOrdenConSuInformacion() in file:/C:/Users/haltamirandas/Documents/OpenCart/build/classes/java/test/' with pattern [^agrego un producto a la orden con su informacion$] is declared with 0 parameters. However, the gherkin step has 1 arguments [Table:[[chooseProduct, quantity], [Canon EOS 5D, 2]]]. 
Step text: agrego un producto a la orden con su informacion&#13;
cucumber.runner.Runner.runPickle(Runner.java:80)&#13;
</system-err></testcase></testsuite>